<?xml version="1.0" encoding="UTF-8"?>
<testsuite xmlns:xsi="http://www.w3.org/2001/XMLSchema-instance" xsi:noNamespaceSchemaLocation="https://maven.apache.org/surefire/maven-surefire-plugin/xsd/surefire-test-report.xsd" name="org.example.AppTest" time="0.205" tests="1" errors="0" skipped="0" failures="0">
  <properties>
    <property name="java.specification.version" value="14"/>
    <property name="sun.cpu.isalist" value="amd64"/>
    <property name="sun.jnu.encoding" value="Cp1252"/>
    <property name="java.class.path" value="C:\Users\Lenovo\Desktop\Soham&apos;s Program\IdeaProjects\LambdaDiscordBot\target\test-classes;C:\Users\Lenovo\Desktop\Soham&apos;s Program\IdeaProjects\LambdaDiscordBot\target\classes;C:\Users\Lenovo\.m2\repository\junit\junit\4.11\junit-4.11.jar;C:\Users\Lenovo\.m2\repository\org\hamcrest\hamcrest-core\1.3\hamcrest-core-1.3.jar;C:\Users\Lenovo\.m2\repository\net\dv8tion\JDA\4.2.0_183\JDA-4.2.0_183.jar;C:\Users\Lenovo\.m2\repository\com\google\code\findbugs\jsr305\3.0.2\jsr305-3.0.2.jar;C:\Users\Lenovo\.m2\repository\org\jetbrains\annotations\16.0.1\annotations-16.0.1.jar;C:\Users\Lenovo\.m2\repository\com\neovisionaries\nv-websocket-client\2.10\nv-websocket-client-2.10.jar;C:\Users\Lenovo\.m2\repository\com\squareup\okhttp3\okhttp\3.13.0\okhttp-3.13.0.jar;C:\Users\Lenovo\.m2\repository\com\squareup\okio\okio\1.17.2\okio-1.17.2.jar;C:\Users\Lenovo\.m2\repository\club\minnced\opus-java-api\1.0.4\opus-java-api-1.0.4.jar;C:\Users\Lenovo\.m2\repository\net\java\dev\jna\jna\4.4.0\jna-4.4.0.jar;C:\Users\Lenovo\.m2\repository\club\minnced\opus-java-natives\1.0.4\opus-java-natives-1.0.4.jar;C:\Users\Lenovo\.m2\repository\org\apache\commons\commons-collections4\4.1\commons-collections4-4.1.jar;C:\Users\Lenovo\.m2\repository\net\sf\trove4j\trove4j\3.0.3\trove4j-3.0.3.jar;C:\Users\Lenovo\.m2\repository\com\fasterxml\jackson\core\jackson-databind\2.10.1\jackson-databind-2.10.1.jar;C:\Users\Lenovo\.m2\repository\com\fasterxml\jackson\core\jackson-annotations\2.10.1\jackson-annotations-2.10.1.jar;C:\Users\Lenovo\.m2\repository\org\slf4j\slf4j-api\2.0.0-alpha1\slf4j-api-2.0.0-alpha1.jar;C:\Users\Lenovo\.m2\repository\org\slf4j\slf4j-simple\2.0.0-alpha1\slf4j-simple-2.0.0-alpha1.jar;C:\Users\Lenovo\.m2\repository\com\jagrosh\jda-utilities-command\3.0.4\jda-utilities-command-3.0.4.jar;C:\Users\Lenovo\.m2\repository\org\json\json\20160810\json-20160810.jar;C:\Users\Lenovo\.m2\repository\com\jagrosh\jda-utilities-commons\3.0.4\jda-utilities-commons-3.0.4.jar;C:\Users\Lenovo\.m2\repository\com\jagrosh\jda-utilities-doc\3.0.4\jda-utilities-doc-3.0.4.jar;C:\Users\Lenovo\.m2\repository\com\jagrosh\jda-utilities-examples\3.0.4\jda-utilities-examples-3.0.4.jar;C:\Users\Lenovo\.m2\repository\com\jagrosh\jda-utilities-menu\3.0.4\jda-utilities-menu-3.0.4.jar;C:\Users\Lenovo\.m2\repository\com\jagrosh\jda-utilities-oauth2\3.0.4\jda-utilities-oauth2-3.0.4.jar;C:\Users\Lenovo\.m2\repository\io\github\cdimascio\java-dotenv\5.2.1\java-dotenv-5.2.1.jar;C:\Users\Lenovo\.m2\repository\org\jetbrains\kotlin\kotlin-stdlib\1.3.72\kotlin-stdlib-1.3.72.jar;C:\Users\Lenovo\.m2\repository\org\jetbrains\kotlin\kotlin-stdlib-common\1.3.72\kotlin-stdlib-common-1.3.72.jar;C:\Users\Lenovo\.m2\repository\me\duncte123\botCommons\BETA_2.0.110\botCommons-BETA_2.0.110.jar;C:\Users\Lenovo\.m2\repository\org\jsoup\jsoup\1.13.1\jsoup-1.13.1.jar;C:\Users\Lenovo\.m2\repository\me\duncte123\reliqua\2.4.10\reliqua-2.4.10.jar;C:\Users\Lenovo\.m2\repository\com\sedmelluq\lavaplayer\1.3.50\lavaplayer-1.3.50.jar;C:\Users\Lenovo\.m2\repository\com\sedmelluq\lava-common\1.1.0\lava-common-1.1.0.jar;C:\Users\Lenovo\.m2\repository\com\sedmelluq\lavaplayer-natives\1.3.13\lavaplayer-natives-1.3.13.jar;C:\Users\Lenovo\.m2\repository\org\apache\httpcomponents\httpclient\4.5.10\httpclient-4.5.10.jar;C:\Users\Lenovo\.m2\repository\org\apache\httpcomponents\httpcore\4.4.12\httpcore-4.4.12.jar;C:\Users\Lenovo\.m2\repository\commons-logging\commons-logging\1.2\commons-logging-1.2.jar;C:\Users\Lenovo\.m2\repository\commons-codec\commons-codec\1.11\commons-codec-1.11.jar;C:\Users\Lenovo\.m2\repository\commons-io\commons-io\2.6\commons-io-2.6.jar;C:\Users\Lenovo\.m2\repository\com\fasterxml\jackson\core\jackson-core\2.10.0\jackson-core-2.10.0.jar;C:\Users\Lenovo\.m2\repository\net\iharder\base64\2.3.9\base64-2.3.9.jar;"/>
    <property name="java.vm.vendor" value="Oracle Corporation"/>
    <property name="sun.arch.data.model" value="64"/>
    <property name="user.variant" value=""/>
    <property name="java.vendor.url" value="https://java.oracle.com/"/>
    <property name="user.timezone" value="Asia/Calcutta"/>
    <property name="os.name" value="Windows 10"/>
    <property name="java.vm.specification.version" value="14"/>
    <property name="sun.java.launcher" value="SUN_STANDARD"/>
    <property name="user.country" value="US"/>
    <property name="sun.boot.library.path" value="C:\Program Files\Java\jdk-14.0.1\bin"/>
    <property name="sun.java.command" value="C:\Users\Lenovo\AppData\Local\Temp\surefire17637886929769038646\surefirebooter11259787274819919034.jar C:\Users\Lenovo\AppData\Local\Temp\surefire17637886929769038646 2020-09-12T18-10-39_662-jvmRun1 surefire1831673928654091222tmp surefire_014924646251881153179tmp"/>
    <property name="jdk.debug" value="release"/>
    <property name="surefire.test.class.path" value="C:\Users\Lenovo\Desktop\Soham&apos;s Program\IdeaProjects\LambdaDiscordBot\target\test-classes;C:\Users\Lenovo\Desktop\Soham&apos;s Program\IdeaProjects\LambdaDiscordBot\target\classes;C:\Users\Lenovo\.m2\repository\junit\junit\4.11\junit-4.11.jar;C:\Users\Lenovo\.m2\repository\org\hamcrest\hamcrest-core\1.3\hamcrest-core-1.3.jar;C:\Users\Lenovo\.m2\repository\net\dv8tion\JDA\4.2.0_183\JDA-4.2.0_183.jar;C:\Users\Lenovo\.m2\repository\com\google\code\findbugs\jsr305\3.0.2\jsr305-3.0.2.jar;C:\Users\Lenovo\.m2\repository\org\jetbrains\annotations\16.0.1\annotations-16.0.1.jar;C:\Users\Lenovo\.m2\repository\com\neovisionaries\nv-websocket-client\2.10\nv-websocket-client-2.10.jar;C:\Users\Lenovo\.m2\repository\com\squareup\okhttp3\okhttp\3.13.0\okhttp-3.13.0.jar;C:\Users\Lenovo\.m2\repository\com\squareup\okio\okio\1.17.2\okio-1.17.2.jar;C:\Users\Lenovo\.m2\repository\club\minnced\opus-java-api\1.0.4\opus-java-api-1.0.4.jar;C:\Users\Lenovo\.m2\repository\net\java\dev\jna\jna\4.4.0\jna-4.4.0.jar;C:\Users\Lenovo\.m2\repository\club\minnced\opus-java-natives\1.0.4\opus-java-natives-1.0.4.jar;C:\Users\Lenovo\.m2\repository\org\apache\commons\commons-collections4\4.1\commons-collections4-4.1.jar;C:\Users\Lenovo\.m2\repository\net\sf\trove4j\trove4j\3.0.3\trove4j-3.0.3.jar;C:\Users\Lenovo\.m2\repository\com\fasterxml\jackson\core\jackson-databind\2.10.1\jackson-databind-2.10.1.jar;C:\Users\Lenovo\.m2\repository\com\fasterxml\jackson\core\jackson-annotations\2.10.1\jackson-annotations-2.10.1.jar;C:\Users\Lenovo\.m2\repository\org\slf4j\slf4j-api\2.0.0-alpha1\slf4j-api-2.0.0-alpha1.jar;C:\Users\Lenovo\.m2\repository\org\slf4j\slf4j-simple\2.0.0-alpha1\slf4j-simple-2.0.0-alpha1.jar;C:\Users\Lenovo\.m2\repository\com\jagrosh\jda-utilities-command\3.0.4\jda-utilities-command-3.0.4.jar;C:\Users\Lenovo\.m2\repository\org\json\json\20160810\json-20160810.jar;C:\Users\Lenovo\.m2\repository\com\jagrosh\jda-utilities-commons\3.0.4\jda-utilities-commons-3.0.4.jar;C:\Users\Lenovo\.m2\repository\com\jagrosh\jda-utilities-doc\3.0.4\jda-utilities-doc-3.0.4.jar;C:\Users\Lenovo\.m2\repository\com\jagrosh\jda-utilities-examples\3.0.4\jda-utilities-examples-3.0.4.jar;C:\Users\Lenovo\.m2\repository\com\jagrosh\jda-utilities-menu\3.0.4\jda-utilities-menu-3.0.4.jar;C:\Users\Lenovo\.m2\repository\com\jagrosh\jda-utilities-oauth2\3.0.4\jda-utilities-oauth2-3.0.4.jar;C:\Users\Lenovo\.m2\repository\io\github\cdimascio\java-dotenv\5.2.1\java-dotenv-5.2.1.jar;C:\Users\Lenovo\.m2\repository\org\jetbrains\kotlin\kotlin-stdlib\1.3.72\kotlin-stdlib-1.3.72.jar;C:\Users\Lenovo\.m2\repository\org\jetbrains\kotlin\kotlin-stdlib-common\1.3.72\kotlin-stdlib-common-1.3.72.jar;C:\Users\Lenovo\.m2\repository\me\duncte123\botCommons\BETA_2.0.110\botCommons-BETA_2.0.110.jar;C:\Users\Lenovo\.m2\repository\org\jsoup\jsoup\1.13.1\jsoup-1.13.1.jar;C:\Users\Lenovo\.m2\repository\me\duncte123\reliqua\2.4.10\reliqua-2.4.10.jar;C:\Users\Lenovo\.m2\repository\com\sedmelluq\lavaplayer\1.3.50\lavaplayer-1.3.50.jar;C:\Users\Lenovo\.m2\repository\com\sedmelluq\lava-common\1.1.0\lava-common-1.1.0.jar;C:\Users\Lenovo\.m2\repository\com\sedmelluq\lavaplayer-natives\1.3.13\lavaplayer-natives-1.3.13.jar;C:\Users\Lenovo\.m2\repository\org\apache\httpcomponents\httpclient\4.5.10\httpclient-4.5.10.jar;C:\Users\Lenovo\.m2\repository\org\apache\httpcomponents\httpcore\4.4.12\httpcore-4.4.12.jar;C:\Users\Lenovo\.m2\repository\commons-logging\commons-logging\1.2\commons-logging-1.2.jar;C:\Users\Lenovo\.m2\repository\commons-codec\commons-codec\1.11\commons-codec-1.11.jar;C:\Users\Lenovo\.m2\repository\commons-io\commons-io\2.6\commons-io-2.6.jar;C:\Users\Lenovo\.m2\repository\com\fasterxml\jackson\core\jackson-core\2.10.0\jackson-core-2.10.0.jar;C:\Users\Lenovo\.m2\repository\net\iharder\base64\2.3.9\base64-2.3.9.jar;"/>
    <property name="sun.cpu.endian" value="little"/>
    <property name="user.home" value="C:\Users\Lenovo"/>
    <property name="user.language" value="en"/>
    <property name="java.specification.vendor" value="Oracle Corporation"/>
    <property name="java.version.date" value="2020-04-14"/>
    <property name="java.home" value="C:\Program Files\Java\jdk-14.0.1"/>
    <property name="file.separator" value="\"/>
    <property name="basedir" value="C:\Users\Lenovo\Desktop\Soham&apos;s Program\IdeaProjects\LambdaDiscordBot"/>
    <property name="java.vm.compressedOopsMode" value="32-bit"/>
    <property name="line.separator" value="&#10;"/>
    <property name="java.vm.specification.vendor" value="Oracle Corporation"/>
    <property name="java.specification.name" value="Java Platform API Specification"/>
    <property name="surefire.real.class.path" value="C:\Users\Lenovo\AppData\Local\Temp\surefire17637886929769038646\surefirebooter11259787274819919034.jar"/>
    <property name="user.script" value=""/>
    <property name="sun.management.compiler" value="HotSpot 64-Bit Tiered Compilers"/>
    <property name="java.runtime.version" value="14.0.1+7"/>
    <property name="user.name" value="Lenovo"/>
    <property name="path.separator" value=";"/>
    <property name="os.version" value="10.0"/>
    <property name="java.runtime.name" value="Java(TM) SE Runtime Environment"/>
    <property name="file.encoding" value="Cp1252"/>
    <property name="java.vm.name" value="Java HotSpot(TM) 64-Bit Server VM"/>
    <property name="localRepository" value="C:\Users\Lenovo\.m2\repository"/>
    <property name="java.vendor.url.bug" value="https://bugreport.java.com/bugreport/"/>
    <property name="java.io.tmpdir" value="C:\Users\Lenovo\AppData\Local\Temp\"/>
    <property name="java.version" value="14.0.1"/>
    <property name="user.dir" value="C:\Users\Lenovo\Desktop\Soham&apos;s Program\IdeaProjects\LambdaDiscordBot"/>
    <property name="os.arch" value="amd64"/>
    <property name="java.vm.specification.name" value="Java Virtual Machine Specification"/>
    <property name="sun.os.patch.level" value=""/>
    <property name="java.library.path" value="C:\Program Files\Java\jdk-14.0.1\bin;C:\Windows\Sun\Java\bin;C:\Windows\system32;C:\Windows;C:\Program Files\Java\jdk-14.0.1\bin;C:\Program Files (x86)\Common Files\Oracle\Java\javapath;C:\Windows\system32;C:\Windows;C:\Windows\System32\Wbem;C:\Windows\System32\WindowsPowerShell\v1.0\;C:\Windows\System32\OpenSSH\;C:\Program Files (x86)\Brackets\command;C:\Users\Lenovo\AppData\Local\Programs\Python\Python38-32;C:\Users\Lenovo\AppData\Local\Programs\Python\Python38-32\Scripts;C:\Program Files\Git\cmd;C:\Program Files\Java\jdk-14.0.1\bin;C:\Users\Lenovo\AppData\Local\Microsoft\WindowsApps;C:\Users\Lenovo\AppData\Local\Programs\Microsoft VS Code\bin;C:\Program Files\JetBrains\IntelliJ IDEA Community Edition 2020.2\bin;;C:\Program Files\JetBrains\PyCharm Community Edition 2020.2\bin;;C:\Users\Lenovo\Downloads\apache-maven-3.6.3\bin;;."/>
    <property name="java.vm.info" value="mixed mode, sharing"/>
    <property name="java.vendor" value="Oracle Corporation"/>
    <property name="java.vm.version" value="14.0.1+7"/>
    <property name="sun.io.unicode.encoding" value="UnicodeLittle"/>
    <property name="java.class.version" value="58.0"/>
  </properties>
  <testcase name="shouldAnswerWithTrue" classname="org.example.AppTest" time="0.004"/>
</testsuite>